<?xml version="1.0" encoding="UTF-8"?>
<!-- Generated by org.testng.reporters.JUnitReportReporter -->
<testsuite hostname="Srisri" failures="0" tests="1" name="com.AutomationTalks.CICDDemoProject.ClassOne" time="4.202" errors="0" timestamp="2024-08-14T20:26:03 GMT-05:00" skipped="0">
  <testcase classname="com.AutomationTalks.CICDDemoProject.ClassOne" name="jobRightTest" time="4.202"/>
</testsuite> <!-- com.AutomationTalks.CICDDemoProject.ClassOne -->
