<?xml version="1.0" encoding="UTF-8"?>
<!-- Generated by org.testng.reporters.JUnitReportReporter -->
<testsuite hostname="Srisri" failures="0" tests="3" name="com.AutomationTalks.CICDDemoProject.ClassOne" time="8.640" errors="0" timestamp="2024-08-13T19:25:14 GMT-05:00" skipped="0">
  <testcase classname="com.AutomationTalks.CICDDemoProject.ClassOne" name="myKelseyTest" time="2.977"/>
  <testcase classname="com.AutomationTalks.CICDDemoProject.ClassOne" name="schoolCafeTest" time="2.873"/>
  <testcase classname="com.AutomationTalks.CICDDemoProject.ClassOne" name="linkedInTest" time="2.790"/>
</testsuite> <!-- com.AutomationTalks.CICDDemoProject.ClassOne -->
