<?xml version="1.0" encoding="UTF-8"?>
<!-- Generated by org.testng.reporters.JUnitReportReporter -->
<testsuite hostname="Srisri" failures="0" tests="3" name="com.AutomationTalks.CICDDemoProject.ClassOne" time="9.820" errors="0" timestamp="2024-08-13T19:29:17 GMT-05:00" skipped="0">
  <testcase classname="com.AutomationTalks.CICDDemoProject.ClassOne" name="myKelseyTest" time="4.291"/>
  <testcase classname="com.AutomationTalks.CICDDemoProject.ClassOne" name="schoolCafeTest" time="2.673"/>
  <testcase classname="com.AutomationTalks.CICDDemoProject.ClassOne" name="linkedInTest" time="2.856"/>
</testsuite> <!-- com.AutomationTalks.CICDDemoProject.ClassOne -->
